<?xml version="1.0" encoding="UTF-8"?>
<testsuite name="com.codestates.todoApp.TodoAppApplicationTests" tests="1" skipped="0" failures="0" errors="0" timestamp="2023-08-07T06:22:37" hostname="woohyunui-MacBookPro.local" time="0.186">
  <properties/>
  <testcase name="contextLoads()" classname="com.codestates.todoApp.TodoAppApplicationTests" time="0.186"/>
  <system-out><![CDATA[15:22:36.726 [Test worker] DEBUG org.springframework.test.context.BootstrapUtils - Instantiating CacheAwareContextLoaderDelegate from class [org.springframework.test.context.cache.DefaultCacheAwareContextLoaderDelegate]
15:22:36.732 [Test worker] DEBUG org.springframework.test.context.BootstrapUtils - Instantiating BootstrapContext using constructor [public org.springframework.test.context.support.DefaultBootstrapContext(java.lang.Class,org.springframework.test.context.CacheAwareContextLoaderDelegate)]
15:22:36.749 [Test worker] DEBUG org.springframework.test.context.BootstrapUtils - Instantiating TestContextBootstrapper for test class [com.codestates.todoApp.TodoAppApplicationTests] from class [org.springframework.boot.test.context.SpringBootTestContextBootstrapper]
15:22:36.756 [Test worker] INFO org.springframework.boot.test.context.SpringBootTestContextBootstrapper - Neither @ContextConfiguration nor @ContextHierarchy found for test class [com.codestates.todoApp.TodoAppApplicationTests], using SpringBootContextLoader
15:22:36.758 [Test worker] DEBUG org.springframework.test.context.support.AbstractContextLoader - Did not detect default resource location for test class [com.codestates.todoApp.TodoAppApplicationTests]: class path resource [com/codestates/todoApp/TodoAppApplicationTests-context.xml] does not exist
15:22:36.758 [Test worker] DEBUG org.springframework.test.context.support.AbstractContextLoader - Did not detect default resource location for test class [com.codestates.todoApp.TodoAppApplicationTests]: class path resource [com/codestates/todoApp/TodoAppApplicationTestsContext.groovy] does not exist
15:22:36.758 [Test worker] INFO org.springframework.test.context.support.AbstractContextLoader - Could not detect default resource locations for test class [com.codestates.todoApp.TodoAppApplicationTests]: no resource found for suffixes {-context.xml, Context.groovy}.
15:22:36.758 [Test worker] INFO org.springframework.test.context.support.AnnotationConfigContextLoaderUtils - Could not detect default configuration classes for test class [com.codestates.todoApp.TodoAppApplicationTests]: TodoAppApplicationTests does not declare any static, non-private, non-final, nested classes annotated with @Configuration.
15:22:36.777 [Test worker] DEBUG org.springframework.test.context.support.ActiveProfilesUtils - Could not find an 'annotation declaring class' for annotation type [org.springframework.test.context.ActiveProfiles] and class [com.codestates.todoApp.TodoAppApplicationTests]
15:22:36.804 [Test worker] DEBUG org.springframework.context.annotation.ClassPathScanningCandidateComponentProvider - Identified candidate component class: file [/Users/woohyunjun/to-do-app/build/classes/java/main/com/codestates/todoApp/TodoAppApplication.class]
15:22:36.805 [Test worker] INFO org.springframework.boot.test.context.SpringBootTestContextBootstrapper - Found @SpringBootConfiguration com.codestates.todoApp.TodoAppApplication for test class com.codestates.todoApp.TodoAppApplicationTests
15:22:36.857 [Test worker] DEBUG org.springframework.boot.test.context.SpringBootTestContextBootstrapper - @TestExecutionListeners is not present for class [com.codestates.todoApp.TodoAppApplicationTests]: using defaults.
15:22:36.857 [Test worker] INFO org.springframework.boot.test.context.SpringBootTestContextBootstrapper - Loaded default TestExecutionListener class names from location [META-INF/spring.factories]: [org.springframework.boot.test.autoconfigure.restdocs.RestDocsTestExecutionListener, org.springframework.boot.test.autoconfigure.web.client.MockRestServiceServerResetTestExecutionListener, org.springframework.boot.test.autoconfigure.web.servlet.MockMvcPrintOnlyOnFailureTestExecutionListener, org.springframework.boot.test.autoconfigure.web.servlet.WebDriverTestExecutionListener, org.springframework.boot.test.autoconfigure.webservices.client.MockWebServiceServerTestExecutionListener, org.springframework.boot.test.mock.mockito.MockitoTestExecutionListener, org.springframework.boot.test.mock.mockito.ResetMocksTestExecutionListener, org.springframework.test.context.web.ServletTestExecutionListener, org.springframework.test.context.support.DirtiesContextBeforeModesTestExecutionListener, org.springframework.test.context.event.ApplicationEventsTestExecutionListener, org.springframework.test.context.support.DependencyInjectionTestExecutionListener, org.springframework.test.context.support.DirtiesContextTestExecutionListener, org.springframework.test.context.transaction.TransactionalTestExecutionListener, org.springframework.test.context.jdbc.SqlScriptsTestExecutionListener, org.springframework.test.context.event.EventPublishingTestExecutionListener]
15:22:36.864 [Test worker] DEBUG org.springframework.boot.test.context.SpringBootTestContextBootstrapper - Skipping candidate TestExecutionListener [org.springframework.test.context.transaction.TransactionalTestExecutionListener] due to a missing dependency. Specify custom listener classes or make the default listener classes and their required dependencies available. Offending class: [org/springframework/transaction/interceptor/TransactionAttributeSource]
15:22:36.864 [Test worker] DEBUG org.springframework.boot.test.context.SpringBootTestContextBootstrapper - Skipping candidate TestExecutionListener [org.springframework.test.context.jdbc.SqlScriptsTestExecutionListener] due to a missing dependency. Specify custom listener classes or make the default listener classes and their required dependencies available. Offending class: [org/springframework/transaction/interceptor/TransactionAttribute]
15:22:36.864 [Test worker] INFO org.springframework.boot.test.context.SpringBootTestContextBootstrapper - Using TestExecutionListeners: [org.springframework.test.context.web.ServletTestExecutionListener@2d72f75e, org.springframework.test.context.support.DirtiesContextBeforeModesTestExecutionListener@8ab78bc, org.springframework.test.context.event.ApplicationEventsTestExecutionListener@5aa0dbf4, org.springframework.boot.test.mock.mockito.MockitoTestExecutionListener@16afbd92, org.springframework.boot.test.autoconfigure.SpringBootDependencyInjectionTestExecutionListener@2c5d601e, org.springframework.test.context.support.DirtiesContextTestExecutionListener@7fe083b1, org.springframework.test.context.event.EventPublishingTestExecutionListener@23c388c2, org.springframework.boot.test.autoconfigure.restdocs.RestDocsTestExecutionListener@486be205, org.springframework.boot.test.autoconfigure.web.client.MockRestServiceServerResetTestExecutionListener@f713686, org.springframework.boot.test.autoconfigure.web.servlet.MockMvcPrintOnlyOnFailureTestExecutionListener@74f7d1d2, org.springframework.boot.test.autoconfigure.web.servlet.WebDriverTestExecutionListener@4b4dd216, org.springframework.boot.test.autoconfigure.webservices.client.MockWebServiceServerTestExecutionListener@5ca17ab0, org.springframework.boot.test.mock.mockito.ResetMocksTestExecutionListener@5a62b2a4]
15:22:36.866 [Test worker] DEBUG org.springframework.test.context.support.AbstractDirtiesContextTestExecutionListener - Before test class: context [DefaultTestContext@b93aad testClass = TodoAppApplicationTests, testInstance = [null], testMethod = [null], testException = [null], mergedContextConfiguration = [WebMergedContextConfiguration@4a9419d7 testClass = TodoAppApplicationTests, locations = '{}', classes = '{class com.codestates.todoApp.TodoAppApplication}', contextInitializerClasses = '[]', activeProfiles = '{}', propertySourceLocations = '{}', propertySourceProperties = '{org.springframework.boot.test.context.SpringBootTestContextBootstrapper=true}', contextCustomizers = set[org.springframework.boot.test.autoconfigure.actuate.metrics.MetricsExportContextCustomizerFactory$DisableMetricExportContextCustomizer@68ad99fe, org.springframework.boot.test.autoconfigure.properties.PropertyMappingContextCustomizer@0, org.springframework.boot.test.autoconfigure.web.servlet.WebDriverContextCustomizerFactory$Customizer@435fb7b5, org.springframework.boot.test.context.filter.ExcludeFilterContextCustomizer@1c3146bc, org.springframework.boot.test.json.DuplicateJsonObjectContextCustomizerFactory$DuplicateJsonObjectContextCustomizer@7bb6ab3a, org.springframework.boot.test.mock.mockito.MockitoContextCustomizer@0, org.springframework.boot.test.web.client.TestRestTemplateContextCustomizer@33aeca0b, org.springframework.boot.test.context.SpringBootTestArgs@1, org.springframework.boot.test.context.SpringBootTestWebEnvironment@5a7fe64f], resourceBasePath = 'src/main/webapp', contextLoader = 'org.springframework.boot.test.context.SpringBootContextLoader', parent = [null]], attributes = map['org.springframework.test.context.web.ServletTestExecutionListener.activateListener' -> true]], class annotated with @DirtiesContext [false] with mode [null].

  .   ____          _            __ _ _
 /\\ / ___'_ __ _ _(_)_ __  __ _ \ \ \ \
( ( )\___ | '_ | '_| | '_ \/ _` | \ \ \ \
 \\/  ___)| |_)| | | | | || (_| |  ) ) ) )
  '  |____| .__|_| |_|_| |_\__, | / / / /
 =========|_|==============|___/=/_/_/_/
 :: Spring Boot ::                (v2.7.1)

2023-08-07 15:22:37.042  INFO 67858 --- [    Test worker] c.c.todoApp.TodoAppApplicationTests      : Starting TodoAppApplicationTests using Java 11.0.18 on woohyunui-MacBookPro.local with PID 67858 (started by woohyunjun in /Users/woohyunjun/to-do-app)
2023-08-07 15:22:37.043  INFO 67858 --- [    Test worker] c.c.todoApp.TodoAppApplicationTests      : No active profile set, falling back to 1 default profile: "default"
2023-08-07 15:22:37.685  INFO 67858 --- [    Test worker] c.c.todoApp.TodoAppApplicationTests      : Started TodoAppApplicationTests in 0.799 seconds (JVM running for 1.409)
]]></system-out>
  <system-err><![CDATA[]]></system-err>
</testsuite>
